%!Adobe-FontList 1.14
%Locale:0x409

%BeginFont
Handler:DirectoryHandler
FontType:Invalid
OutlineFileName:\.DS_Store
FileLength:6148
FileModTime:1348251565
%EndFont

%BeginFont
Handler:DirectoryHandler
FontType:Type1
FontName:Flama-Bold
FamilyName:Flama
StyleName:Bold
MenuName:Flama Bold
StyleBits:0
WeightClass:750
WidthClass:5
AngleClass:0
FullName:Flama-Bold
WritingScript:Roman
OutlineFileName:\Flama-Bold.otf
DataFormat:sfntData
UsesStandardEncoding:yes
isCFF:yes
FileLength:79216
FileModTime:1207870504
%EndFont

%BeginFont
Handler:DirectoryHandler
FontType:Type1
FontName:Flama-Book
FamilyName:Flama
StyleName:Book
MenuName:Flama Book
StyleBits:0
WeightClass:550
WidthClass:5
AngleClass:0
FullName:Flama-Book
WritingScript:Roman
OutlineFileName:\Flama-Book.otf
DataFormat:sfntData
UsesStandardEncoding:yes
isCFF:yes
FileLength:76212
FileModTime:1207870520
%EndFont

%BeginFont
Handler:DirectoryHandler
FontType:Type1
FontName:Flama-BookItalic
FamilyName:Flama
StyleName:Book Italic
MenuName:Flama Book Italic
StyleBits:1
WeightClass:575
WidthClass:5
AngleClass:0
FullName:Flama-BookItalic
WritingScript:Roman
OutlineFileName:\Flama-BookItalic.otf
DataFormat:sfntData
UsesStandardEncoding:yes
isCFF:yes
FileLength:83980
FileModTime:1207870232
%EndFont

%BeginFont
Handler:DirectoryHandler
FontType:Type1
FontName:Flama-Medium
FamilyName:Flama
StyleName:Medium
MenuName:Flama Medium
StyleBits:0
WeightClass:650
WidthClass:5
AngleClass:0
FullName:Flama-Medium
WritingScript:Roman
OutlineFileName:\Flama-Medium.otf
DataFormat:sfntData
UsesStandardEncoding:yes
isCFF:yes
FileLength:77608
FileModTime:1207870578
%EndFont

%BeginFont
Handler:DirectoryHandler
FontType:TrueType
FontName:Helvetica
FamilyName:Helvetica
StyleName:Regular
MenuName:Helvetica
StyleBits:0
WeightClass:400
WidthClass:5
AngleClass:0
FullName:Helvetica
WritingScript:Roman
OutlineFileName:\Helvetica.dfont
DataFormat:sfntResource
ResourceID:25595
FileLength:2919210
FileModTime:1330614418
%EndFont

%BeginFont
Handler:DirectoryHandler
FontType:TrueType
FontName:Helvetica-Bold
FamilyName:Helvetica
StyleName:Bold
MenuName:Helvetica
StyleBits:2
WeightClass:700
WidthClass:5
AngleClass:0
FullName:Helvetica Bold
WritingScript:Roman
OutlineFileName:\Helvetica.dfont
DataFormat:sfntResource
ResourceID:28517
FileLength:2919210
FileModTime:1330614418
%EndFont

%BeginFont
Handler:DirectoryHandler
FontType:TrueType
FontName:Helvetica-Oblique
FamilyName:Helvetica
StyleName:Oblique
MenuName:Helvetica
StyleBits:1
WeightClass:400
WidthClass:5
AngleClass:1
FullName:Helvetica Oblique
WritingScript:Roman
OutlineFileName:\Helvetica.dfont
DataFormat:sfntResource
ResourceID:22365
FileLength:2919210
FileModTime:1330614418
%EndFont

%BeginFont
Handler:DirectoryHandler
FontType:TrueType
FontName:Helvetica-BoldOblique
FamilyName:Helvetica
StyleName:Bold Oblique
MenuName:Helvetica
StyleBits:3
WeightClass:700
WidthClass:5
AngleClass:1
FullName:Helvetica Bold Oblique
WritingScript:Roman
OutlineFileName:\Helvetica.dfont
DataFormat:sfntResource
ResourceID:6413
FileLength:2919210
FileModTime:1330614418
%EndFont

%BeginFont
Handler:DirectoryHandler
FontType:TrueType
FontName:Helvetica-Light
FamilyName:Helvetica
StyleName:Light
MenuName:Helvetica
StyleBits:0
WeightClass:300
WidthClass:5
AngleClass:0
FullName:Helvetica Light
WritingScript:Roman
OutlineFileName:\Helvetica.dfont
DataFormat:sfntResource
ResourceID:22375
FileLength:2919210
FileModTime:1330614418
%EndFont

%BeginFont
Handler:DirectoryHandler
FontType:TrueType
FontName:Helvetica-LightOblique
FamilyName:Helvetica
StyleName:Light Oblique
MenuName:Helvetica
StyleBits:1
WeightClass:300
WidthClass:5
AngleClass:1
FullName:Helvetica Light Oblique
WritingScript:Roman
OutlineFileName:\Helvetica.dfont
DataFormat:sfntResource
ResourceID:6513
FileLength:2919210
FileModTime:1330614418
%EndFont

%BeginFont
Handler:DirectoryHandler
FontType:Suitcase
FontName:Helvetica
OutlineFileName:\Helvetica.dfont
ResourceID:21
MacStyle:0
FileLength:2919210
FileModTime:1330614418
%EndFont

%BeginFont
Handler:DirectoryHandler
FontType:Suitcase
FontName:Helvetica-Bold
OutlineFileName:\Helvetica.dfont
ResourceID:21
MacStyle:1
FileLength:2919210
FileModTime:1330614418
%EndFont

%BeginFont
Handler:DirectoryHandler
FontType:Suitcase
FontName:Helvetica-Oblique
OutlineFileName:\Helvetica.dfont
ResourceID:21
MacStyle:2
FileLength:2919210
FileModTime:1330614418
%EndFont

%BeginFont
Handler:DirectoryHandler
FontType:Suitcase
FontName:Helvetica-BoldOblique
OutlineFileName:\Helvetica.dfont
ResourceID:21
MacStyle:3
FileLength:2919210
FileModTime:1330614418
%EndFont

%BeginFont
Handler:DirectoryHandler
FontType:Suitcase
FontName:Helvetica-Light
OutlineFileName:\Helvetica.dfont
ResourceID:211
MacStyle:0
FileLength:2919210
FileModTime:1330614418
%EndFont

%BeginFont
Handler:DirectoryHandler
FontType:Suitcase
FontName:Helvetica-LightOblique
OutlineFileName:\Helvetica.dfont
ResourceID:211
MacStyle:2
FileLength:2919210
FileModTime:1330614418
%EndFont

%BeginFont
Handler:DirectoryHandler
FontType:TrueType
FontName:HelveticaNeue-LightItalic
FamilyName:Helvetica Neue
StyleName:Light Italic
MenuName:Helvetica Neue
StyleBits:1
WeightClass:300
WidthClass:5
AngleClass:1
FullName:Helvetica Neue Light Italic
WritingScript:Roman
OutlineFileName:\HelveticaNeue.dfont
DataFormat:sfntResource
ResourceID:13514
FileLength:3536121
FileModTime:1330614418
%EndFont

%BeginFont
Handler:DirectoryHandler
FontType:TrueType
FontName:HelveticaNeue-Light
FamilyName:Helvetica Neue
StyleName:Light
MenuName:Helvetica Neue
StyleBits:0
WeightClass:300
WidthClass:5
AngleClass:0
FullName:Helvetica Neue Light
WritingScript:Roman
OutlineFileName:\HelveticaNeue.dfont
DataFormat:sfntResource
ResourceID:20609
FileLength:3536121
FileModTime:1330614418
%EndFont

%BeginFont
Handler:DirectoryHandler
FontType:TrueType
FontName:HelveticaNeue-Bold
FamilyName:Helvetica Neue
StyleName:Bold
MenuName:Helvetica Neue
StyleBits:2
WeightClass:700
WidthClass:5
AngleClass:0
FullName:Helvetica Neue Bold
WritingScript:Roman
OutlineFileName:\HelveticaNeue.dfont
DataFormat:sfntResource
ResourceID:14151
FileLength:3536121
FileModTime:1330614418
%EndFont

%BeginFont
Handler:DirectoryHandler
FontType:TrueType
FontName:HelveticaNeue
FamilyName:Helvetica Neue
StyleName:Regular
MenuName:Helvetica Neue
StyleBits:0
WeightClass:400
WidthClass:5
AngleClass:0
FullName:Helvetica Neue
WritingScript:Roman
OutlineFileName:\HelveticaNeue.dfont
DataFormat:sfntResource
ResourceID:15445
FileLength:3536121
FileModTime:1330614418
%EndFont

%BeginFont
Handler:DirectoryHandler
FontType:TrueType
FontName:HelveticaNeue-UltraLight
FamilyName:Helvetica Neue
StyleName:UltraLight
MenuName:Helvetica Neue
StyleBits:0
WeightClass:100
WidthClass:5
AngleClass:0
FullName:Helvetica Neue UltraLight
WritingScript:Roman
OutlineFileName:\HelveticaNeue.dfont
DataFormat:sfntResource
ResourceID:8110
FileLength:3536121
FileModTime:1330614418
%EndFont

%BeginFont
Handler:DirectoryHandler
FontType:TrueType
FontName:HelveticaNeue-BoldItalic
FamilyName:Helvetica Neue
StyleName:Bold Italic
MenuName:Helvetica Neue
StyleBits:3
WeightClass:700
WidthClass:5
AngleClass:1
FullName:Helvetica Neue Bold Italic
WritingScript:Roman
OutlineFileName:\HelveticaNeue.dfont
DataFormat:sfntResource
ResourceID:12888
FileLength:3536121
FileModTime:1330614418
%EndFont

%BeginFont
Handler:DirectoryHandler
FontType:TrueType
FontName:HelveticaNeue-Italic
FamilyName:Helvetica Neue
StyleName:Italic
MenuName:Helvetica Neue
StyleBits:1
WeightClass:400
WidthClass:5
AngleClass:1
FullName:Helvetica Neue Italic
WritingScript:Roman
OutlineFileName:\HelveticaNeue.dfont
DataFormat:sfntResource
ResourceID:18772
FileLength:3536121
FileModTime:1330614418
%EndFont

%BeginFont
Handler:DirectoryHandler
FontType:TrueType
FontName:HelveticaNeue-UltraLightItalic
FamilyName:Helvetica Neue
StyleName:UltraLight Italic
MenuName:Helvetica Neue
StyleBits:1
WeightClass:100
WidthClass:5
AngleClass:1
FullName:Helvetica Neue UltraLight Italic
WritingScript:Roman
OutlineFileName:\HelveticaNeue.dfont
DataFormat:sfntResource
ResourceID:24685
FileLength:3536121
FileModTime:1330614418
%EndFont

%BeginFont
Handler:DirectoryHandler
FontType:TrueType
FontName:HelveticaNeue-CondensedBlack
FamilyName:Helvetica Neue
StyleName:Condensed Black
MenuName:Helvetica Neue
StyleBits:2
WeightClass:900
WidthClass:3
AngleClass:0
FullName:Helvetica Neue Condensed Black
WritingScript:Roman
OutlineFileName:\HelveticaNeue.dfont
DataFormat:sfntResource
ResourceID:28134
FileLength:3536121
FileModTime:1330614418
%EndFont

%BeginFont
Handler:DirectoryHandler
FontType:TrueType
FontName:HelveticaNeue-CondensedBold
FamilyName:Helvetica Neue
StyleName:Condensed Bold
MenuName:Helvetica Neue
StyleBits:2
WeightClass:700
WidthClass:3
AngleClass:0
FullName:Helvetica Neue Condensed Bold
WritingScript:Roman
OutlineFileName:\HelveticaNeue.dfont
DataFormat:sfntResource
ResourceID:30606
FileLength:3536121
FileModTime:1330614418
%EndFont

%BeginFont
Handler:DirectoryHandler
FontType:TrueType
FontName:HelveticaNeue-Medium
FamilyName:Helvetica Neue
StyleName:Medium
MenuName:Helvetica Neue
StyleBits:0
WeightClass:500
WidthClass:5
AngleClass:0
FullName:Helvetica Neue Medium
WritingScript:Roman
OutlineFileName:\HelveticaNeue.dfont
DataFormat:sfntResource
ResourceID:14242
FileLength:3536121
FileModTime:1330614418
%EndFont

%BeginFont
Handler:DirectoryHandler
FontType:Suitcase
FontName:HelveticaNeue
OutlineFileName:\HelveticaNeue.dfont
ResourceID:4684
MacStyle:0
FileLength:3536121
FileModTime:1330614418
%EndFont

%BeginFont
Handler:DirectoryHandler
FontType:Suitcase
FontName:HelveticaNeue-Bold
OutlineFileName:\HelveticaNeue.dfont
ResourceID:4684
MacStyle:1
FileLength:3536121
FileModTime:1330614418
%EndFont

%BeginFont
Handler:DirectoryHandler
FontType:Suitcase
FontName:HelveticaNeue-Italic
OutlineFileName:\HelveticaNeue.dfont
ResourceID:4684
MacStyle:2
FileLength:3536121
FileModTime:1330614418
%EndFont

%BeginFont
Handler:DirectoryHandler
FontType:Suitcase
FontName:HelveticaNeue-BoldItalic
OutlineFileName:\HelveticaNeue.dfont
ResourceID:4684
MacStyle:3
FileLength:3536121
FileModTime:1330614418
%EndFont

%BeginFont
Handler:DirectoryHandler
FontType:Suitcase
FontName:HelveticaNeue-CondensedBold
OutlineFileName:\HelveticaNeue.dfont
ResourceID:4685
MacStyle:0
FileLength:3536121
FileModTime:1330614418
%EndFont

%BeginFont
Handler:DirectoryHandler
FontType:Suitcase
FontName:HelveticaNeue-UltraLight
OutlineFileName:\HelveticaNeue.dfont
ResourceID:4688
MacStyle:0
FileLength:3536121
FileModTime:1330614418
%EndFont

%BeginFont
Handler:DirectoryHandler
FontType:Suitcase
FontName:HelveticaNeue-UltraLightItalic
OutlineFileName:\HelveticaNeue.dfont
ResourceID:4688
MacStyle:2
FileLength:3536121
FileModTime:1330614418
%EndFont

%BeginFont
Handler:DirectoryHandler
FontType:Suitcase
FontName:HelveticaNeue-Light
OutlineFileName:\HelveticaNeue.dfont
ResourceID:4846
MacStyle:0
FileLength:3536121
FileModTime:1330614418
%EndFont

%BeginFont
Handler:DirectoryHandler
FontType:Suitcase
FontName:HelveticaNeue-LightItalic
OutlineFileName:\HelveticaNeue.dfont
ResourceID:4846
MacStyle:2
FileLength:3536121
FileModTime:1330614418
%EndFont

%BeginFont
Handler:DirectoryHandler
FontType:Suitcase
FontName:HelveticaNeue-CondensedBlack
OutlineFileName:\HelveticaNeue.dfont
ResourceID:4889
MacStyle:0
FileLength:3536121
FileModTime:1330614418
%EndFont

%BeginFont
Handler:DirectoryHandler
FontType:Suitcase
FontName:HelveticaNeue-Medium
OutlineFileName:\HelveticaNeue.dfont
ResourceID:128
MacStyle:0
FileLength:3536121
FileModTime:1330614418
%EndFont

%BeginFont
Handler:DirectoryHandler
FontType:Type1
FontName:KorolevCondensed-Bold
FamilyName:Korolev Condensed
StyleName:Bold
MenuName:Korolev Condensed Bold
StyleBits:0
WeightClass:700
WidthClass:3
AngleClass:0
FullName:Korolev Condensed Bold
WritingScript:Roman
OutlineFileName:\Korolev Bold Condensed.otf
DataFormat:sfntData
UsesStandardEncoding:yes
isCFF:yes
FileLength:31832
FileModTime:1343382346
%EndFont

%BeginFont
Handler:DirectoryHandler
FontType:Type1
FontName:KorolevCondensed-Light
FamilyName:Korolev Condensed
StyleName:Light
MenuName:Korolev Condensed Light
StyleBits:0
WeightClass:300
WidthClass:5
AngleClass:0
FullName:Korolev Condensed Light
WritingScript:Roman
OutlineFileName:\Korolev Light Condensed.otf
DataFormat:sfntData
UsesStandardEncoding:yes
isCFF:yes
FileLength:32276
FileModTime:1343382346
%EndFont

%BeginFont
Handler:DirectoryHandler
FontType:Type1
FontName:KorolevCondensed-Medium
FamilyName:Korolev Condensed
StyleName:Medium
MenuName:Korolev Condensed Medium
StyleBits:0
WeightClass:500
WidthClass:3
AngleClass:0
FullName:Korolev Condensed Medium
WritingScript:Roman
OutlineFileName:\Korolev Medium Condensed.otf
DataFormat:sfntData
UsesStandardEncoding:yes
isCFF:yes
FileLength:32344
FileModTime:1343382346
%EndFont

